<?xml version="1.0" encoding="UTF-8"?>
<!-- Generated by org.testng.reporters.JUnitReportReporter -->
<testsuite skipped="0" hostname="DESKTOP-1HKQHDJ" name="org.hotel.Hotel" tests="1" failures="0" timestamp="23 Mar 2021 18:06:36 GMT" time="8.968" errors="0">
  <testcase name="test" time="8.968" classname="org.hotel.Hotel"/>
</testsuite> <!-- org.hotel.Hotel -->
